2021-02-06 09:55:47.886 [main] INFO  com.liwj.service_edu.ServiceEduApplication - Starting ServiceEduApplication using Java 1.8.0_221 on lwj-laptop with PID 13648 (C:\code\edu\service_edu\target\classes started by liwen in C:\code\edu)
2021-02-06 09:55:47.885 [background-preinit] INFO  org.hibernate.validator.internal.util.Version - HV000001: Hibernate Validator 6.1.7.Final
2021-02-06 09:55:47.892 [main] INFO  com.liwj.service_edu.ServiceEduApplication - The following profiles are active: dev
2021-02-06 09:55:49.223 [main] INFO  o.s.boot.web.embedded.tomcat.TomcatWebServer - Tomcat initialized with port(s): 8001 (http)
2021-02-06 09:55:49.233 [main] INFO  org.apache.coyote.http11.Http11NioProtocol - Initializing ProtocolHandler ["http-nio-8001"]
2021-02-06 09:55:49.234 [main] INFO  org.apache.catalina.core.StandardService - Starting service [Tomcat]
2021-02-06 09:55:49.234 [main] INFO  org.apache.catalina.core.StandardEngine - Starting Servlet engine: [Apache Tomcat/9.0.41]
2021-02-06 09:55:49.328 [main] INFO  o.a.c.core.ContainerBase.[Tomcat].[localhost].[/] - Initializing Spring embedded WebApplicationContext
2021-02-06 09:55:49.328 [main] INFO  o.s.b.w.s.c.ServletWebServerApplicationContext - Root WebApplicationContext: initialization completed in 1363 ms
2021-02-06 09:55:49.521 [main] INFO  com.zaxxer.hikari.HikariDataSource - HikariPool-1 - Starting...
2021-02-06 09:55:50.440 [main] INFO  com.zaxxer.hikari.HikariDataSource - HikariPool-1 - Start completed.
2021-02-06 09:55:50.771 [main] INFO  o.s.scheduling.concurrent.ThreadPoolTaskExecutor - Initializing ExecutorService 'applicationTaskExecutor'
2021-02-06 09:55:50.996 [main] INFO  org.apache.coyote.http11.Http11NioProtocol - Starting ProtocolHandler ["http-nio-8001"]
2021-02-06 09:55:51.023 [main] INFO  o.s.boot.web.embedded.tomcat.TomcatWebServer - Tomcat started on port(s): 8001 (http) with context path ''
2021-02-06 09:55:51.038 [main] INFO  com.liwj.service_edu.ServiceEduApplication - Started ServiceEduApplication in 3.794 seconds (JVM running for 4.836)
2021-02-06 09:58:01.444 [background-preinit] INFO  org.hibernate.validator.internal.util.Version - HV000001: Hibernate Validator 6.1.7.Final
2021-02-06 09:58:01.455 [main] INFO  com.liwj.service_edu.ServiceEduApplication - Starting ServiceEduApplication using Java 1.8.0_221 on lwj-laptop with PID 8172 (C:\code\edu\service_edu\target\classes started by liwen in C:\code\edu)
2021-02-06 09:58:01.456 [main] INFO  com.liwj.service_edu.ServiceEduApplication - The following profiles are active: dev
2021-02-06 09:58:02.799 [main] INFO  o.s.boot.web.embedded.tomcat.TomcatWebServer - Tomcat initialized with port(s): 8001 (http)
2021-02-06 09:58:02.808 [main] INFO  org.apache.coyote.http11.Http11NioProtocol - Initializing ProtocolHandler ["http-nio-8001"]
2021-02-06 09:58:02.809 [main] INFO  org.apache.catalina.core.StandardService - Starting service [Tomcat]
2021-02-06 09:58:02.809 [main] INFO  org.apache.catalina.core.StandardEngine - Starting Servlet engine: [Apache Tomcat/9.0.41]
2021-02-06 09:58:02.911 [main] INFO  o.a.c.core.ContainerBase.[Tomcat].[localhost].[/] - Initializing Spring embedded WebApplicationContext
2021-02-06 09:58:02.912 [main] INFO  o.s.b.w.s.c.ServletWebServerApplicationContext - Root WebApplicationContext: initialization completed in 1400 ms
2021-02-06 09:58:03.123 [main] INFO  com.zaxxer.hikari.HikariDataSource - HikariPool-1 - Starting...
2021-02-06 09:58:04.075 [main] INFO  com.zaxxer.hikari.HikariDataSource - HikariPool-1 - Start completed.
2021-02-06 09:58:04.401 [main] INFO  o.s.scheduling.concurrent.ThreadPoolTaskExecutor - Initializing ExecutorService 'applicationTaskExecutor'
2021-02-06 09:58:04.620 [main] INFO  org.apache.coyote.http11.Http11NioProtocol - Starting ProtocolHandler ["http-nio-8001"]
2021-02-06 09:58:04.642 [main] INFO  o.s.boot.web.embedded.tomcat.TomcatWebServer - Tomcat started on port(s): 8001 (http) with context path ''
2021-02-06 09:58:04.653 [main] INFO  com.liwj.service_edu.ServiceEduApplication - Started ServiceEduApplication in 3.831 seconds (JVM running for 4.828)
2021-02-06 09:59:28.438 [background-preinit] INFO  org.hibernate.validator.internal.util.Version - HV000001: Hibernate Validator 6.1.7.Final
2021-02-06 09:59:28.438 [main] INFO  com.liwj.service_edu.ServiceEduApplication - Starting ServiceEduApplication using Java 1.8.0_221 on lwj-laptop with PID 14096 (C:\code\edu\service_edu\target\classes started by liwen in C:\code\edu)
2021-02-06 09:59:28.444 [main] INFO  com.liwj.service_edu.ServiceEduApplication - The following profiles are active: dev
2021-02-06 09:59:30.010 [main] INFO  o.s.boot.web.embedded.tomcat.TomcatWebServer - Tomcat initialized with port(s): 8001 (http)
2021-02-06 09:59:30.021 [main] INFO  org.apache.coyote.http11.Http11NioProtocol - Initializing ProtocolHandler ["http-nio-8001"]
2021-02-06 09:59:30.023 [main] INFO  org.apache.catalina.core.StandardService - Starting service [Tomcat]
2021-02-06 09:59:30.024 [main] INFO  org.apache.catalina.core.StandardEngine - Starting Servlet engine: [Apache Tomcat/9.0.41]
2021-02-06 09:59:30.143 [main] INFO  o.a.c.core.ContainerBase.[Tomcat].[localhost].[/] - Initializing Spring embedded WebApplicationContext
2021-02-06 09:59:30.143 [main] INFO  o.s.b.w.s.c.ServletWebServerApplicationContext - Root WebApplicationContext: initialization completed in 1618 ms
2021-02-06 09:59:30.593 [main] INFO  com.zaxxer.hikari.HikariDataSource - HikariPool-1 - Starting...
2021-02-06 09:59:31.785 [main] INFO  com.zaxxer.hikari.HikariDataSource - HikariPool-1 - Start completed.
2021-02-06 09:59:43.509 [main] INFO  com.liwj.service_edu.ServiceEduApplication - Starting ServiceEduApplication using Java 1.8.0_221 on lwj-laptop with PID 13200 (C:\code\edu\service_edu\target\classes started by liwen in C:\code\edu)
2021-02-06 09:59:43.505 [background-preinit] INFO  org.hibernate.validator.internal.util.Version - HV000001: Hibernate Validator 6.1.7.Final
2021-02-06 09:59:43.511 [main] INFO  com.liwj.service_edu.ServiceEduApplication - The following profiles are active: dev
2021-02-06 09:59:44.755 [main] INFO  o.s.boot.web.embedded.tomcat.TomcatWebServer - Tomcat initialized with port(s): 8001 (http)
2021-02-06 09:59:44.765 [main] INFO  org.apache.coyote.http11.Http11NioProtocol - Initializing ProtocolHandler ["http-nio-8001"]
2021-02-06 09:59:44.766 [main] INFO  org.apache.catalina.core.StandardService - Starting service [Tomcat]
2021-02-06 09:59:44.766 [main] INFO  org.apache.catalina.core.StandardEngine - Starting Servlet engine: [Apache Tomcat/9.0.41]
2021-02-06 09:59:44.867 [main] INFO  o.a.c.core.ContainerBase.[Tomcat].[localhost].[/] - Initializing Spring embedded WebApplicationContext
2021-02-06 09:59:44.868 [main] INFO  o.s.b.w.s.c.ServletWebServerApplicationContext - Root WebApplicationContext: initialization completed in 1300 ms
2021-02-06 09:59:45.081 [main] INFO  com.zaxxer.hikari.HikariDataSource - HikariPool-1 - Starting...
2021-02-06 09:59:46.019 [main] INFO  com.zaxxer.hikari.HikariDataSource - HikariPool-1 - Start completed.
2021-02-06 09:59:46.320 [main] INFO  o.s.scheduling.concurrent.ThreadPoolTaskExecutor - Initializing ExecutorService 'applicationTaskExecutor'
2021-02-06 09:59:46.521 [main] INFO  org.apache.coyote.http11.Http11NioProtocol - Starting ProtocolHandler ["http-nio-8001"]
2021-02-06 09:59:46.545 [main] INFO  o.s.boot.web.embedded.tomcat.TomcatWebServer - Tomcat started on port(s): 8001 (http) with context path ''
2021-02-06 09:59:46.559 [main] INFO  com.liwj.service_edu.ServiceEduApplication - Started ServiceEduApplication in 3.674 seconds (JVM running for 4.793)
2021-02-06 09:59:53.200 [http-nio-8001-exec-1] INFO  o.a.c.core.ContainerBase.[Tomcat].[localhost].[/] - Initializing Spring DispatcherServlet 'dispatcherServlet'
2021-02-06 09:59:53.201 [http-nio-8001-exec-1] INFO  org.springframework.web.servlet.DispatcherServlet - Initializing Servlet 'dispatcherServlet'
2021-02-06 09:59:53.202 [http-nio-8001-exec-1] INFO  org.springframework.web.servlet.DispatcherServlet - Completed initialization in 1 ms
